<?xml version="1.0" encoding="UTF-8"?>
<!-- Generated by org.testng.reporters.JUnitXMLReporter -->
<testsuite hostname="QA1-LAPTOP-PC" name="Default test" tests="6" failures="0" timestamp="7 Jun 2017 20:50:08 GMT" time="43.745" errors="0">
  <testcase name="browseProducts" time="4.108" classname="com.yoti.test.yoti_automated_testing.RunTest"/>
  <testcase name="addToCart" time="2.678" classname="com.yoti.test.yoti_automated_testing.RunTest"/>
  <testcase name="proceedToCheckOut" time="4.668" classname="com.yoti.test.yoti_automated_testing.RunTest"/>
  <testcase name="signUp" time="5.188" classname="com.yoti.test.yoti_automated_testing.RunTest"/>
  <testcase name="confirmOrderByWireTransfer" time="4.903" classname="com.yoti.test.yoti_automated_testing.RunTest"/>
  <testcase name="confirmOrderByCheque" time="12.273" classname="com.yoti.test.yoti_automated_testing.RunTest"/>
</testsuite> <!-- Default test -->
